[debug] [2021-08-09T10:23:12.428Z] ----------------------------------------------------------------------
[debug] [2021-08-09T10:23:12.431Z] Command:       C:\Program Files (x86)\nodejs\node.exe C:\Users\rahul\AppData\Roaming\npm\node_modules\firebase-tools\lib\bin\firebase.js init
[debug] [2021-08-09T10:23:12.431Z] CLI Version:   9.16.0
[debug] [2021-08-09T10:23:12.431Z] Platform:      win32
[debug] [2021-08-09T10:23:12.431Z] Node Version:  v14.17.0
[debug] [2021-08-09T10:23:12.432Z] Time:          Mon Aug 09 2021 15:53:12 GMT+0530 (India Standard Time)
[debug] [2021-08-09T10:23:12.432Z] ----------------------------------------------------------------------
[debug] 
[debug] [2021-08-09T10:23:12.438Z] > command requires scopes: ["email","openid","https://www.googleapis.com/auth/cloudplatformprojects.readonly","https://www.googleapis.com/auth/firebase","https://www.googleapis.com/auth/cloud-platform"]
[debug] [2021-08-09T10:23:12.438Z] > authorizing via signed-in user (rahul10kesharwani@gmail.com)
[info] 
     ######## #### ########  ######## ########     ###     ######  ########
     ##        ##  ##     ## ##       ##     ##  ##   ##  ##       ##
     ######    ##  ########  ######   ########  #########  ######  ######
     ##        ##  ##    ##  ##       ##     ## ##     ##       ## ##
     ##       #### ##     ## ######## ########  ##     ##  ######  ########

You're about to initialize a Firebase project in this directory:

  E:\Developer Zone\iiteens

[info] 
=== Project Setup
[info] 
[info] First, let's associate this project directory with a Firebase project.
[info] You can create multiple project aliases by running firebase use --add, 
[info] but for now we'll just set up a default project.
[info] 
[debug] [2021-08-09T10:23:22.562Z] > refreshing access token with scopes: []
[debug] [2021-08-09T10:23:22.562Z] >>> HTTP REQUEST POST https://www.googleapis.com/oauth2/v3/token  
 <request body omitted>
[debug] [2021-08-09T10:23:22.993Z] <<< HTTP RESPONSE 200 {"expires":"Mon, 01 Jan 1990 00:00:00 GMT","date":"Mon, 09 Aug 2021 10:23:23 GMT","cache-control":"no-cache, no-store, max-age=0, must-revalidate","pragma":"no-cache","content-type":"application/json; charset=utf-8","vary":"X-Origin, Referer, Origin,Accept-Encoding","server":"scaffolding on HTTPServer2","x-xss-protection":"0","x-frame-options":"SAMEORIGIN","x-content-type-options":"nosniff","alt-svc":"h3=\":443\"; ma=2592000,h3-29=\":443\"; ma=2592000,h3-T051=\":443\"; ma=2592000,h3-Q050=\":443\"; ma=2592000,h3-Q046=\":443\"; ma=2592000,h3-Q043=\":443\"; ma=2592000,quic=\":443\"; ma=2592000; v=\"46,43\"","accept-ranges":"none","transfer-encoding":"chunked"}
[debug] [2021-08-09T10:23:23.007Z] >>> [apiv2][query] GET https://firebase.googleapis.com/v1beta1/projects pageSize=100
[debug] [2021-08-09T10:23:23.987Z] <<< [apiv2][status] GET https://firebase.googleapis.com/v1beta1/projects 200
[debug] [2021-08-09T10:23:23.987Z] <<< [apiv2][body] GET https://firebase.googleapis.com/v1beta1/projects [omitted]
[info] i  Using project iitteeen (iitteeen) 
[info] 
=== Firestore Setup
[debug] [2021-08-09T10:23:26.080Z] > refreshing access token with scopes: ["email","https://www.googleapis.com/auth/cloud-platform","https://www.googleapis.com/auth/cloudplatformprojects.readonly","https://www.googleapis.com/auth/firebase","openid"]
[debug] [2021-08-09T10:23:26.080Z] >>> HTTP REQUEST POST https://www.googleapis.com/oauth2/v3/token  
 <request body omitted>
[debug] [2021-08-09T10:23:26.414Z] <<< HTTP RESPONSE 200 {"cache-control":"no-cache, no-store, max-age=0, must-revalidate","date":"Mon, 09 Aug 2021 10:23:27 GMT","pragma":"no-cache","expires":"Mon, 01 Jan 1990 00:00:00 GMT","content-type":"application/json; charset=utf-8","vary":"X-Origin, Referer, Origin,Accept-Encoding","server":"scaffolding on HTTPServer2","x-xss-protection":"0","x-frame-options":"SAMEORIGIN","x-content-type-options":"nosniff","alt-svc":"h3=\":443\"; ma=2592000,h3-29=\":443\"; ma=2592000,h3-T051=\":443\"; ma=2592000,h3-Q050=\":443\"; ma=2592000,h3-Q046=\":443\"; ma=2592000,h3-Q043=\":443\"; ma=2592000,quic=\":443\"; ma=2592000; v=\"46,43\"","accept-ranges":"none","transfer-encoding":"chunked"}
[debug] [2021-08-09T10:23:26.425Z] >>> HTTP REQUEST GET https://serviceusage.googleapis.com/v1/projects/iitteeen/services/firestore.googleapis.com  
 
[debug] [2021-08-09T10:23:29.131Z] <<< HTTP RESPONSE 200 {"content-type":"application/json; charset=UTF-8","vary":"X-Origin, Referer, Origin,Accept-Encoding","date":"Mon, 09 Aug 2021 10:23:28 GMT","server":"ESF","cache-control":"private","x-xss-protection":"0","x-frame-options":"SAMEORIGIN","x-content-type-options":"nosniff","alt-svc":"h3=\":443\"; ma=2592000,h3-29=\":443\"; ma=2592000,h3-T051=\":443\"; ma=2592000,h3-Q050=\":443\"; ma=2592000,h3-Q046=\":443\"; ma=2592000,h3-Q043=\":443\"; ma=2592000,quic=\":443\"; ma=2592000; v=\"46,43\"","accept-ranges":"none","transfer-encoding":"chunked"}
[debug] [2021-08-09T10:23:29.132Z] >>> HTTP REQUEST GET https://appengine.googleapis.com/v1/apps/iitteeen  
 
[debug] [2021-08-09T10:23:30.892Z] <<< HTTP RESPONSE 200 {"content-type":"application/json; charset=UTF-8","vary":"X-Origin, Referer, Origin,Accept-Encoding","date":"Mon, 09 Aug 2021 10:23:31 GMT","server":"ESF","cache-control":"private","x-xss-protection":"0","x-frame-options":"SAMEORIGIN","x-content-type-options":"nosniff","alt-svc":"h3=\":443\"; ma=2592000,h3-29=\":443\"; ma=2592000,h3-T051=\":443\"; ma=2592000,h3-Q050=\":443\"; ma=2592000,h3-Q046=\":443\"; ma=2592000,h3-Q043=\":443\"; ma=2592000,quic=\":443\"; ma=2592000; v=\"46,43\"","accept-ranges":"none","transfer-encoding":"chunked"}
[debug] [2021-08-09T10:23:30.892Z] database_type: CLOUD_FIRESTORE
[debug] [2021-08-09T10:23:30.893Z] > command requires scopes: ["email","openid","https://www.googleapis.com/auth/cloudplatformprojects.readonly","https://www.googleapis.com/auth/firebase","https://www.googleapis.com/auth/cloud-platform"]
[debug] [2021-08-09T10:23:30.893Z] > authorizing via signed-in user (rahul10kesharwani@gmail.com)
[debug] [2021-08-09T10:23:30.893Z] [iam] checking project iitteeen for permissions ["firebase.projects.get"]
[debug] [2021-08-09T10:23:30.893Z] >>> HTTP REQUEST POST https://cloudresourcemanager.googleapis.com/v1/projects/iitteeen:testIamPermissions  
 {"permissions":["firebase.projects.get"]}
[debug] [2021-08-09T10:23:32.588Z] <<< HTTP RESPONSE 200 {"content-type":"application/json; charset=UTF-8","vary":"X-Origin, Referer, Origin,Accept-Encoding","date":"Mon, 09 Aug 2021 10:23:33 GMT","server":"ESF","cache-control":"private","x-xss-protection":"0","x-frame-options":"SAMEORIGIN","x-content-type-options":"nosniff","server-timing":"gfet4t7; dur=1304","alt-svc":"h3=\":443\"; ma=2592000,h3-29=\":443\"; ma=2592000,h3-T051=\":443\"; ma=2592000,h3-Q050=\":443\"; ma=2592000,h3-Q046=\":443\"; ma=2592000,h3-Q043=\":443\"; ma=2592000,quic=\":443\"; ma=2592000; v=\"46,43\"","accept-ranges":"none","transfer-encoding":"chunked"}
[info] 
[info] Firestore Security Rules allow you to define how and when to allow
[info] requests. You can keep these rules in your project directory
[info] and publish them with firebase deploy.
[info] 
[debug] [2021-08-09T10:23:42.153Z] >>> HTTP REQUEST GET https://firebaserules.googleapis.com/v1/projects/iitteeen/releases?pageSize=10&pageToken=  
 
[debug] [2021-08-09T10:23:44.713Z] <<< HTTP RESPONSE 200 {"content-type":"application/json; charset=UTF-8","vary":"X-Origin, Referer, Origin,Accept-Encoding","date":"Mon, 09 Aug 2021 10:23:44 GMT","server":"ESF","cache-control":"private","x-xss-protection":"0","x-frame-options":"SAMEORIGIN","x-content-type-options":"nosniff","alt-svc":"h3=\":443\"; ma=2592000,h3-29=\":443\"; ma=2592000,h3-T051=\":443\"; ma=2592000,h3-Q050=\":443\"; ma=2592000,h3-Q046=\":443\"; ma=2592000,h3-Q043=\":443\"; ma=2592000,quic=\":443\"; ma=2592000; v=\"46,43\"","accept-ranges":"none","transfer-encoding":"chunked"}
[debug] [2021-08-09T10:23:44.714Z] Found ruleset: projects/iitteeen/rulesets/9b91085d-2464-4542-a89d-32c42816072a
[debug] [2021-08-09T10:23:44.714Z] >>> HTTP REQUEST GET https://firebaserules.googleapis.com/v1/projects/iitteeen/rulesets/9b91085d-2464-4542-a89d-32c42816072a  
 
[debug] [2021-08-09T10:23:46.466Z] <<< HTTP RESPONSE 200 {"content-type":"application/json; charset=UTF-8","vary":"X-Origin, Referer, Origin,Accept-Encoding","date":"Mon, 09 Aug 2021 10:23:46 GMT","server":"ESF","cache-control":"private","x-xss-protection":"0","x-frame-options":"SAMEORIGIN","x-content-type-options":"nosniff","alt-svc":"h3=\":443\"; ma=2592000,h3-29=\":443\"; ma=2592000,h3-T051=\":443\"; ma=2592000,h3-Q050=\":443\"; ma=2592000,h3-Q046=\":443\"; ma=2592000,h3-Q043=\":443\"; ma=2592000,quic=\":443\"; ma=2592000; v=\"46,43\"","accept-ranges":"none","transfer-encoding":"chunked"}
[debug] [2021-08-09T10:23:54.209Z] ----------------------------------------------------------------------
[debug] [2021-08-09T10:23:54.211Z] Command:       C:\Program Files (x86)\nodejs\node.exe C:\Users\rahul\AppData\Roaming\npm\node_modules\firebase-tools\lib\bin\firebase.js init
[debug] [2021-08-09T10:23:54.212Z] CLI Version:   9.16.0
[debug] [2021-08-09T10:23:54.212Z] Platform:      win32
[debug] [2021-08-09T10:23:54.212Z] Node Version:  v14.17.0
[debug] [2021-08-09T10:23:54.213Z] Time:          Mon Aug 09 2021 15:53:54 GMT+0530 (India Standard Time)
[debug] [2021-08-09T10:23:54.213Z] ----------------------------------------------------------------------
[debug] 
[debug] [2021-08-09T10:23:54.221Z] > command requires scopes: ["email","openid","https://www.googleapis.com/auth/cloudplatformprojects.readonly","https://www.googleapis.com/auth/firebase","https://www.googleapis.com/auth/cloud-platform"]
[debug] [2021-08-09T10:23:54.221Z] > authorizing via signed-in user (rahul10kesharwani@gmail.com)
[info] 
     ######## #### ########  ######## ########     ###     ######  ########
     ##        ##  ##     ## ##       ##     ##  ##   ##  ##       ##
     ######    ##  ########  ######   ########  #########  ######  ######
     ##        ##  ##    ##  ##       ##     ## ##     ##       ## ##
     ##       #### ##     ## ######## ########  ##     ##  ######  ########

You're about to initialize a Firebase project in this directory:

  E:\Developer Zone\iiteens

[info] 
=== Project Setup
[info] 
[info] First, let's associate this project directory with a Firebase project.
[info] You can create multiple project aliases by running firebase use --add, 
[info] but for now we'll just set up a default project.
[info] 
[debug] [2021-08-09T10:24:03.218Z] > refreshing access token with scopes: []
[debug] [2021-08-09T10:24:03.219Z] >>> HTTP REQUEST POST https://www.googleapis.com/oauth2/v3/token  
 <request body omitted>
[debug] [2021-08-09T10:24:04.445Z] <<< HTTP RESPONSE 200 {"cache-control":"no-cache, no-store, max-age=0, must-revalidate","date":"Mon, 09 Aug 2021 10:24:04 GMT","expires":"Mon, 01 Jan 1990 00:00:00 GMT","pragma":"no-cache","content-type":"application/json; charset=utf-8","vary":"X-Origin, Referer, Origin,Accept-Encoding","server":"scaffolding on HTTPServer2","x-xss-protection":"0","x-frame-options":"SAMEORIGIN","x-content-type-options":"nosniff","alt-svc":"h3=\":443\"; ma=2592000,h3-29=\":443\"; ma=2592000,h3-T051=\":443\"; ma=2592000,h3-Q050=\":443\"; ma=2592000,h3-Q046=\":443\"; ma=2592000,h3-Q043=\":443\"; ma=2592000,quic=\":443\"; ma=2592000; v=\"46,43\"","accept-ranges":"none","transfer-encoding":"chunked"}
[debug] [2021-08-09T10:24:04.455Z] >>> [apiv2][query] GET https://firebase.googleapis.com/v1beta1/projects pageSize=100
[debug] [2021-08-09T10:24:05.828Z] <<< [apiv2][status] GET https://firebase.googleapis.com/v1beta1/projects 200
[debug] [2021-08-09T10:24:05.828Z] <<< [apiv2][body] GET https://firebase.googleapis.com/v1beta1/projects [omitted]
[info] i  Using project iitteeen (iitteeen) 
[info] 
=== Firestore Setup
[debug] [2021-08-09T10:24:08.385Z] > refreshing access token with scopes: ["email","https://www.googleapis.com/auth/cloud-platform","https://www.googleapis.com/auth/cloudplatformprojects.readonly","https://www.googleapis.com/auth/firebase","openid"]
[debug] [2021-08-09T10:24:08.385Z] >>> HTTP REQUEST POST https://www.googleapis.com/oauth2/v3/token  
 <request body omitted>
[debug] [2021-08-09T10:24:08.889Z] <<< HTTP RESPONSE 200 {"pragma":"no-cache","expires":"Mon, 01 Jan 1990 00:00:00 GMT","date":"Mon, 09 Aug 2021 10:24:09 GMT","cache-control":"no-cache, no-store, max-age=0, must-revalidate","content-type":"application/json; charset=utf-8","vary":"X-Origin, Referer, Origin,Accept-Encoding","server":"scaffolding on HTTPServer2","x-xss-protection":"0","x-frame-options":"SAMEORIGIN","x-content-type-options":"nosniff","alt-svc":"h3=\":443\"; ma=2592000,h3-29=\":443\"; ma=2592000,h3-T051=\":443\"; ma=2592000,h3-Q050=\":443\"; ma=2592000,h3-Q046=\":443\"; ma=2592000,h3-Q043=\":443\"; ma=2592000,quic=\":443\"; ma=2592000; v=\"46,43\"","accept-ranges":"none","transfer-encoding":"chunked"}
[debug] [2021-08-09T10:24:08.901Z] >>> HTTP REQUEST GET https://serviceusage.googleapis.com/v1/projects/iitteeen/services/firestore.googleapis.com  
 
[debug] [2021-08-09T10:24:12.022Z] <<< HTTP RESPONSE 200 {"content-type":"application/json; charset=UTF-8","vary":"X-Origin, Referer, Origin,Accept-Encoding","date":"Mon, 09 Aug 2021 10:24:12 GMT","server":"ESF","cache-control":"private","x-xss-protection":"0","x-frame-options":"SAMEORIGIN","x-content-type-options":"nosniff","alt-svc":"h3=\":443\"; ma=2592000,h3-29=\":443\"; ma=2592000,h3-T051=\":443\"; ma=2592000,h3-Q050=\":443\"; ma=2592000,h3-Q046=\":443\"; ma=2592000,h3-Q043=\":443\"; ma=2592000,quic=\":443\"; ma=2592000; v=\"46,43\"","accept-ranges":"none","transfer-encoding":"chunked"}
[debug] [2021-08-09T10:24:12.023Z] >>> HTTP REQUEST GET https://appengine.googleapis.com/v1/apps/iitteeen  
 
[debug] [2021-08-09T10:24:13.425Z] <<< HTTP RESPONSE 200 {"content-type":"application/json; charset=UTF-8","vary":"X-Origin, Referer, Origin,Accept-Encoding","date":"Mon, 09 Aug 2021 10:24:13 GMT","server":"ESF","cache-control":"private","x-xss-protection":"0","x-frame-options":"SAMEORIGIN","x-content-type-options":"nosniff","alt-svc":"h3=\":443\"; ma=2592000,h3-29=\":443\"; ma=2592000,h3-T051=\":443\"; ma=2592000,h3-Q050=\":443\"; ma=2592000,h3-Q046=\":443\"; ma=2592000,h3-Q043=\":443\"; ma=2592000,quic=\":443\"; ma=2592000; v=\"46,43\"","accept-ranges":"none","transfer-encoding":"chunked"}
[debug] [2021-08-09T10:24:13.425Z] database_type: CLOUD_FIRESTORE
[debug] [2021-08-09T10:24:13.426Z] > command requires scopes: ["email","openid","https://www.googleapis.com/auth/cloudplatformprojects.readonly","https://www.googleapis.com/auth/firebase","https://www.googleapis.com/auth/cloud-platform"]
[debug] [2021-08-09T10:24:13.426Z] > authorizing via signed-in user (rahul10kesharwani@gmail.com)
[debug] [2021-08-09T10:24:13.426Z] [iam] checking project iitteeen for permissions ["firebase.projects.get"]
[debug] [2021-08-09T10:24:13.426Z] >>> HTTP REQUEST POST https://cloudresourcemanager.googleapis.com/v1/projects/iitteeen:testIamPermissions  
 {"permissions":["firebase.projects.get"]}
[debug] [2021-08-09T10:24:15.330Z] <<< HTTP RESPONSE 200 {"content-type":"application/json; charset=UTF-8","vary":"X-Origin, Referer, Origin,Accept-Encoding","date":"Mon, 09 Aug 2021 10:24:15 GMT","server":"ESF","cache-control":"private","x-xss-protection":"0","x-frame-options":"SAMEORIGIN","x-content-type-options":"nosniff","server-timing":"gfet4t7; dur=1347","alt-svc":"h3=\":443\"; ma=2592000,h3-29=\":443\"; ma=2592000,h3-T051=\":443\"; ma=2592000,h3-Q050=\":443\"; ma=2592000,h3-Q046=\":443\"; ma=2592000,h3-Q043=\":443\"; ma=2592000,quic=\":443\"; ma=2592000; v=\"46,43\"","accept-ranges":"none","transfer-encoding":"chunked"}
[info] 
[info] Firestore Security Rules allow you to define how and when to allow
[info] requests. You can keep these rules in your project directory
[info] and publish them with firebase deploy.
[info] 
[debug] [2021-08-09T10:24:16.552Z] >>> HTTP REQUEST GET https://firebaserules.googleapis.com/v1/projects/iitteeen/releases?pageSize=10&pageToken=  
 
[debug] [2021-08-09T10:24:18.622Z] <<< HTTP RESPONSE 200 {"content-type":"application/json; charset=UTF-8","vary":"X-Origin, Referer, Origin,Accept-Encoding","date":"Mon, 09 Aug 2021 10:24:18 GMT","server":"ESF","cache-control":"private","x-xss-protection":"0","x-frame-options":"SAMEORIGIN","x-content-type-options":"nosniff","alt-svc":"h3=\":443\"; ma=2592000,h3-29=\":443\"; ma=2592000,h3-T051=\":443\"; ma=2592000,h3-Q050=\":443\"; ma=2592000,h3-Q046=\":443\"; ma=2592000,h3-Q043=\":443\"; ma=2592000,quic=\":443\"; ma=2592000; v=\"46,43\"","accept-ranges":"none","transfer-encoding":"chunked"}
[debug] [2021-08-09T10:24:18.623Z] Found ruleset: projects/iitteeen/rulesets/9b91085d-2464-4542-a89d-32c42816072a
[debug] [2021-08-09T10:24:18.623Z] >>> HTTP REQUEST GET https://firebaserules.googleapis.com/v1/projects/iitteeen/rulesets/9b91085d-2464-4542-a89d-32c42816072a  
 
[debug] [2021-08-09T10:24:20.184Z] <<< HTTP RESPONSE 200 {"content-type":"application/json; charset=UTF-8","vary":"X-Origin, Referer, Origin,Accept-Encoding","date":"Mon, 09 Aug 2021 10:24:20 GMT","server":"ESF","cache-control":"private","x-xss-protection":"0","x-frame-options":"SAMEORIGIN","x-content-type-options":"nosniff","alt-svc":"h3=\":443\"; ma=2592000,h3-29=\":443\"; ma=2592000,h3-T051=\":443\"; ma=2592000,h3-Q050=\":443\"; ma=2592000,h3-Q046=\":443\"; ma=2592000,h3-Q043=\":443\"; ma=2592000,quic=\":443\"; ma=2592000; v=\"46,43\"","accept-ranges":"none","transfer-encoding":"chunked"}
[info] 
[info] Firestore indexes allow you to perform complex queries while
[info] maintaining performance that scales with the size of the result
[info] set. You can keep index definitions in your project directory
[info] and publish them with firebase deploy.
[info] 
[debug] [2021-08-09T10:24:25.535Z] >>> HTTP REQUEST GET https://firestore.googleapis.com/v1/projects/iitteeen/databases/(default)/collectionGroups/-/indexes  
 
[debug] [2021-08-09T10:24:25.535Z] >>> HTTP REQUEST GET https://firestore.googleapis.com/v1/projects/iitteeen/databases/(default)/collectionGroups/-/fields?filter=indexConfig.usesAncestorConfig=false  
 
[debug] [2021-08-09T10:24:26.835Z] <<< HTTP RESPONSE 200 {"content-type":"application/json; charset=UTF-8","vary":"X-Origin, Referer, Origin,Accept-Encoding","date":"Mon, 09 Aug 2021 10:24:27 GMT","server":"ESF","cache-control":"private","x-xss-protection":"0","x-frame-options":"SAMEORIGIN","x-content-type-options":"nosniff","alt-svc":"h3=\":443\"; ma=2592000,h3-29=\":443\"; ma=2592000,h3-T051=\":443\"; ma=2592000,h3-Q050=\":443\"; ma=2592000,h3-Q046=\":443\"; ma=2592000,h3-Q043=\":443\"; ma=2592000,quic=\":443\"; ma=2592000; v=\"46,43\"","accept-ranges":"none","transfer-encoding":"chunked"}
[debug] [2021-08-09T10:24:27.356Z] <<< HTTP RESPONSE 200 {"content-type":"application/json; charset=UTF-8","vary":"X-Origin, Referer, Origin,Accept-Encoding","date":"Mon, 09 Aug 2021 10:24:27 GMT","server":"ESF","cache-control":"private","x-xss-protection":"0","x-frame-options":"SAMEORIGIN","x-content-type-options":"nosniff","alt-svc":"h3=\":443\"; ma=2592000,h3-29=\":443\"; ma=2592000,h3-T051=\":443\"; ma=2592000,h3-Q050=\":443\"; ma=2592000,h3-Q046=\":443\"; ma=2592000,h3-Q043=\":443\"; ma=2592000,quic=\":443\"; ma=2592000; v=\"46,43\"","accept-ranges":"none","transfer-encoding":"chunked"}
[info] 
=== Hosting Setup
[info] 
[info] Your public directory is the folder (relative to your project directory) that
[info] will contain Hosting assets to be uploaded with firebase deploy. If you
[info] have a build process for your assets, use your build's output directory.
[info] 
[debug] [2021-08-09T10:24:46.366Z] >>> [apiv2][query] GET https://www.gstatic.com/firebasejs/releases.json [none]
[debug] [2021-08-09T10:24:47.012Z] <<< [apiv2][status] GET https://www.gstatic.com/firebasejs/releases.json 200
[debug] [2021-08-09T10:24:47.013Z] <<< [apiv2][body] GET https://www.gstatic.com/firebasejs/releases.json {"current":{"version":"8.9.0","browserURL":"https://www.gstatic.com/firebasejs/8.9.0/firebase.js","packageURL":"https://www.gstatic.com/firebasejs/8.9.0/firebase.tgz"},"live":{"version":"8.9","browserURL":"https://www.gstatic.com/firebasejs/live/8.9/firebase.js","packageURL":"https://www.gstatic.com/firebasejs/live/8.9/firebase.tgz"},"components":{"analytics":"https://www.gstatic.com/firebasejs/8.9.0/firebase-analytics.js","app":"https://www.gstatic.com/firebasejs/8.9.0/firebase-app.js","app-check":"https://www.gstatic.com/firebasejs/8.9.0/firebase-app-check.js","auth":"https://www.gstatic.com/firebasejs/8.9.0/firebase-auth.js","database":"https://www.gstatic.com/firebasejs/8.9.0/firebase-database.js","firestore":"https://www.gstatic.com/firebasejs/8.9.0/firebase-firestore.js","functions":"https://www.gstatic.com/firebasejs/8.9.0/firebase-functions.js","installations":"https://www.gstatic.com/firebasejs/8.9.0/firebase-installations.js","messaging":"https://www.gstatic.com/firebasejs/8.9.0/firebase-messaging.js","storage":"https://www.gstatic.com/firebasejs/8.9.0/firebase-storage.js","performance":"https://www.gstatic.com/firebasejs/8.9.0/firebase-performance.js","remote-config":"https://www.gstatic.com/firebasejs/8.9.0/firebase-remote-config.js","firestore.memory":"https://www.gstatic.com/firebasejs/8.9.0/firebase-firestore.memory.js"}}
[info] +  Wrote build/index.html 
[info] 
[info] i  Detected a .git folder at E:\Developer Zone\iiteens 
[info] i  Authorizing with GitHub to upload your service account to a GitHub repository's secrets store. 
[info] 
[info] Visit this URL on this device to log in:
[info] https://github.com/login/oauth/authorize?client_id=89cf50f02ac6aaed3484&state=568612489&redirect_uri=http%3A%2F%2Flocalhost%3A9005&scope=read%3Auser%20repo%20public_repo
[info] 
[info] Waiting for authentication...
[debug] [2021-08-09T10:24:48.037Z] >>> HTTP REQUEST POST https://github.com/login/oauth/access_token  
 {"client_id":"89cf50f02ac6aaed3484","client_secret":"3330d14abc895d9a74d5f17cd7a00711fa2c5bf0","code":"b0dabc0da128b65561e6","redirect_uri":"http://localhost:9005","state":"568612489"}
[debug] [2021-08-09T10:24:49.104Z] <<< HTTP RESPONSE 200 {"server":"GitHub.com","date":"Mon, 09 Aug 2021 10:24:49 GMT","content-type":"application/json; charset=utf-8","transfer-encoding":"chunked","vary":"X-PJAX, Accept-Encoding, Accept, X-Requested-With","permissions-policy":"interest-cohort=()","etag":"W/\"4e2218289f8e0b7bc7164aef15a84d3f\"","cache-control":"max-age=0, private, must-revalidate","strict-transport-security":"max-age=31536000; includeSubdomains; preload","x-frame-options":"deny","x-content-type-options":"nosniff","x-xss-protection":"0","referrer-policy":"origin-when-cross-origin, strict-origin-when-cross-origin","expect-ct":"max-age=2592000, report-uri=\"https://api.github.com/_private/browser/errors\"","content-security-policy":"default-src 'none'; base-uri 'self'; block-all-mixed-content; connect-src 'self' uploads.github.com www.githubstatus.com collector.githubapp.com api.github.com github-cloud.s3.amazonaws.com github-production-repository-file-5c1aeb.s3.amazonaws.com github-production-upload-manifest-file-7fdce7.s3.amazonaws.com github-production-user-asset-6210df.s3.amazonaws.com cdn.optimizely.com logx.optimizely.com/v1/events translator.github.com wss://alive.github.com; font-src github.githubassets.com; form-action 'self' github.com gist.github.com; frame-ancestors 'none'; frame-src render.githubusercontent.com render-temp.githubusercontent.com viewscreen.githubusercontent.com; img-src 'self' data: github.githubassets.com identicons.github.com collector.githubapp.com github-cloud.s3.amazonaws.com secured-user-images.githubusercontent.com/ *.githubusercontent.com; manifest-src 'self'; media-src 'none'; script-src github.githubassets.com; style-src 'unsafe-inline' github.githubassets.com; worker-src github.com/socket-worker-3f088aa2.js gist.github.com/socket-worker-3f088aa2.js","x-github-request-id":"C2D9:6964:90527D:A0DF0A:61110270"}
[debug] [2021-08-09T10:24:49.112Z] >>> [apiv2][query] GET https://api.github.com/user [none]
[debug] [2021-08-09T10:24:50.553Z] <<< [apiv2][status] GET https://api.github.com/user 200
[debug] [2021-08-09T10:24:50.553Z] <<< [apiv2][body] GET https://api.github.com/user {"login":"RahulKesharwani353","id":65972077,"node_id":"MDQ6VXNlcjY1OTcyMDc3","avatar_url":"https://avatars.githubusercontent.com/u/65972077?v=4","gravatar_id":"","url":"https://api.github.com/users/RahulKesharwani353","html_url":"https://github.com/RahulKesharwani353","followers_url":"https://api.github.com/users/RahulKesharwani353/followers","following_url":"https://api.github.com/users/RahulKesharwani353/following{/other_user}","gists_url":"https://api.github.com/users/RahulKesharwani353/gists{/gist_id}","starred_url":"https://api.github.com/users/RahulKesharwani353/starred{/owner}{/repo}","subscriptions_url":"https://api.github.com/users/RahulKesharwani353/subscriptions","organizations_url":"https://api.github.com/users/RahulKesharwani353/orgs","repos_url":"https://api.github.com/users/RahulKesharwani353/repos","events_url":"https://api.github.com/users/RahulKesharwani353/events{/privacy}","received_events_url":"https://api.github.com/users/RahulKesharwani353/received_events","type":"User","site_admin":false,"name":"Rahul Kesharwani","company":null,"blog":"https://rahulkesharwani.study/","location":null,"email":null,"hireable":true,"bio":null,"twitter_username":"rahul10900","public_repos":22,"public_gists":0,"followers":4,"following":2,"created_at":"2020-05-26T17:13:14Z","updated_at":"2021-07-16T14:06:29Z","private_gists":0,"total_private_repos":6,"owned_private_repos":6,"disk_usage":156975,"collaborators":6,"two_factor_authentication":false,"plan":{"name":"pro","space":976562499,"collaborators":0,"private_repos":9999}}
[info] 
[info] +  Success! Logged into GitHub as RahulKesharwani353 
[info] 
